Added Component: Designator=Fi1(Fiducial_1mm)
Add component (AddParameter): Name = "Component Type"; Value = "Fiducial"; VariantName = "[No Variations]"
Add component (AddParameter): Name = "ComponentLink1Description"; Value = "ACM"; VariantName = "[No Variations]"
Add component (AddParameter): Name = "ComponentLink1URL"; Value = "https://acm.railnova.io/admin/altium_library/component/3/change/"; VariantName = "[No Variations]"
Add component (AddParameter): Name = "ComponentLink2Description"; Value = ""; VariantName = "[No Variations]"
Add component (AddParameter): Name = "ComponentLink2URL"; Value = ""; VariantName = "[No Variations]"
Add component (AddParameter): Name = "ComponentLink3Description"; Value = ""; VariantName = "[No Variations]"
Add component (AddParameter): Name = "ComponentLink3URL"; Value = ""; VariantName = "[No Variations]"
Add component (AddParameter): Name = "ComponentLink4Description"; Value = ""; VariantName = "[No Variations]"
Add component (AddParameter): Name = "ComponentLink4URL"; Value = ""; VariantName = "[No Variations]"
Add component (AddParameter): Name = "ComponentLink5Description"; Value = ""; VariantName = "[No Variations]"
Add component (AddParameter): Name = "ComponentLink5URL"; Value = ""; VariantName = "[No Variations]"
Add component (AddParameter): Name = "ComponentLink6Description"; Value = ""; VariantName = "[No Variations]"
Add component (AddParameter): Name = "ComponentLink6URL"; Value = ""; VariantName = "[No Variations]"
Add component (AddParameter): Name = "ComponentLink7Description"; Value = ""; VariantName = "[No Variations]"
Add component (AddParameter): Name = "ComponentLink7URL"; Value = ""; VariantName = "[No Variations]"
Add component (AddParameter): Name = "ComponentLink8Description"; Value = ""; VariantName = "[No Variations]"
Add component (AddParameter): Name = "ComponentLink8URL"; Value = ""; VariantName = "[No Variations]"
Add component (AddParameter): Name = "ComponentLink9Description"; Value = ""; VariantName = "[No Variations]"
Add component (AddParameter): Name = "ComponentLink9URL"; Value = ""; VariantName = "[No Variations]"
Add component (AddParameter): Name = "ComponentLink10Description"; Value = ""; VariantName = "[No Variations]"
Add component (AddParameter): Name = "ComponentLink10URL"; Value = ""; VariantName = "[No Variations]"
Add component (AddParameter): Name = "I1"; Value = ""; VariantName = "[No Variations]"
Add component (AddParameter): Name = "I2"; Value = ""; VariantName = "[No Variations]"
Add component (AddParameter): Name = "I3"; Value = ""; VariantName = "[No Variations]"
Add component (AddParameter): Name = "Manufacturer"; Value = ""; VariantName = "[No Variations]"
Add component (AddParameter): Name = "MPN"; Value = "Fiducial"; VariantName = "[No Variations]"
Add component (AddParameter): Name = "MSL"; Value = "NA"; VariantName = "[No Variations]"
Add component (AddParameter): Name = "Package"; Value = "Fiducial"; VariantName = "[No Variations]"
Add component (AddParameter): Name = "Part Number"; Value = "700-0003"; VariantName = "[No Variations]"
Add component (AddParameter): Name = "Pin Count"; Value = "1"; VariantName = "[No Variations]"
Add component (AddParameter): Name = "Rev"; Value = "A"; VariantName = "[No Variations]"
Add component (AddParameter): Name = "Revision"; Value = "A"; VariantName = "[No Variations]"
Add component (AddParameter): Name = "Revision Date"; Value = "2020-09-14"; VariantName = "[No Variations]"
Add component (AddParameter): Name = "Revision Note"; Value = "Created"; VariantName = "[No Variations]"
Add component (AddParameter): Name = "Status"; Value = "Review"; VariantName = "[No Variations]"
Add component (AddParameter): Name = "V1"; Value = ""; VariantName = "[No Variations]"
Add component (AddParameter): Name = "V2"; Value = ""; VariantName = "[No Variations]"
Add component (AddParameter): Name = "V3"; Value = ""; VariantName = "[No Variations]"
Add component (AddParameter): Name = "Value"; Value = ""; VariantName = "[No Variations]"
Added Component: Designator=Fi2(Fiducial_1mm)
Add component (AddParameter): Name = "Component Type"; Value = "Fiducial"; VariantName = "[No Variations]"
Add component (AddParameter): Name = "ComponentLink1Description"; Value = "ACM"; VariantName = "[No Variations]"
Add component (AddParameter): Name = "ComponentLink1URL"; Value = "https://acm.railnova.io/admin/altium_library/component/3/change/"; VariantName = "[No Variations]"
Add component (AddParameter): Name = "ComponentLink2Description"; Value = ""; VariantName = "[No Variations]"
Add component (AddParameter): Name = "ComponentLink2URL"; Value = ""; VariantName = "[No Variations]"
Add component (AddParameter): Name = "ComponentLink3Description"; Value = ""; VariantName = "[No Variations]"
Add component (AddParameter): Name = "ComponentLink3URL"; Value = ""; VariantName = "[No Variations]"
Add component (AddParameter): Name = "ComponentLink4Description"; Value = ""; VariantName = "[No Variations]"
Add component (AddParameter): Name = "ComponentLink4URL"; Value = ""; VariantName = "[No Variations]"
Add component (AddParameter): Name = "ComponentLink5Description"; Value = ""; VariantName = "[No Variations]"
Add component (AddParameter): Name = "ComponentLink5URL"; Value = ""; VariantName = "[No Variations]"
Add component (AddParameter): Name = "ComponentLink6Description"; Value = ""; VariantName = "[No Variations]"
Add component (AddParameter): Name = "ComponentLink6URL"; Value = ""; VariantName = "[No Variations]"
Add component (AddParameter): Name = "ComponentLink7Description"; Value = ""; VariantName = "[No Variations]"
Add component (AddParameter): Name = "ComponentLink7URL"; Value = ""; VariantName = "[No Variations]"
Add component (AddParameter): Name = "ComponentLink8Description"; Value = ""; VariantName = "[No Variations]"
Add component (AddParameter): Name = "ComponentLink8URL"; Value = ""; VariantName = "[No Variations]"
Add component (AddParameter): Name = "ComponentLink9Description"; Value = ""; VariantName = "[No Variations]"
Add component (AddParameter): Name = "ComponentLink9URL"; Value = ""; VariantName = "[No Variations]"
Add component (AddParameter): Name = "ComponentLink10Description"; Value = ""; VariantName = "[No Variations]"
Add component (AddParameter): Name = "ComponentLink10URL"; Value = ""; VariantName = "[No Variations]"
Add component (AddParameter): Name = "I1"; Value = ""; VariantName = "[No Variations]"
Add component (AddParameter): Name = "I2"; Value = ""; VariantName = "[No Variations]"
Add component (AddParameter): Name = "I3"; Value = ""; VariantName = "[No Variations]"
Add component (AddParameter): Name = "Manufacturer"; Value = ""; VariantName = "[No Variations]"
Add component (AddParameter): Name = "MPN"; Value = "Fiducial"; VariantName = "[No Variations]"
Add component (AddParameter): Name = "MSL"; Value = "NA"; VariantName = "[No Variations]"
Add component (AddParameter): Name = "Package"; Value = "Fiducial"; VariantName = "[No Variations]"
Add component (AddParameter): Name = "Part Number"; Value = "700-0003"; VariantName = "[No Variations]"
Add component (AddParameter): Name = "Pin Count"; Value = "1"; VariantName = "[No Variations]"
Add component (AddParameter): Name = "Rev"; Value = "A"; VariantName = "[No Variations]"
Add component (AddParameter): Name = "Revision"; Value = "A"; VariantName = "[No Variations]"
Add component (AddParameter): Name = "Revision Date"; Value = "2020-09-14"; VariantName = "[No Variations]"
Add component (AddParameter): Name = "Revision Note"; Value = "Created"; VariantName = "[No Variations]"
Add component (AddParameter): Name = "Status"; Value = "Review"; VariantName = "[No Variations]"
Add component (AddParameter): Name = "V1"; Value = ""; VariantName = "[No Variations]"
Add component (AddParameter): Name = "V2"; Value = ""; VariantName = "[No Variations]"
Add component (AddParameter): Name = "V3"; Value = ""; VariantName = "[No Variations]"
Add component (AddParameter): Name = "Value"; Value = ""; VariantName = "[No Variations]"
Added Component: Designator=Fi3(Fiducial_1mm)
Add component (AddParameter): Name = "Component Type"; Value = "Fiducial"; VariantName = "[No Variations]"
Add component (AddParameter): Name = "ComponentLink1Description"; Value = "ACM"; VariantName = "[No Variations]"
Add component (AddParameter): Name = "ComponentLink1URL"; Value = "https://acm.railnova.io/admin/altium_library/component/3/change/"; VariantName = "[No Variations]"
Add component (AddParameter): Name = "ComponentLink2Description"; Value = ""; VariantName = "[No Variations]"
Add component (AddParameter): Name = "ComponentLink2URL"; Value = ""; VariantName = "[No Variations]"
Add component (AddParameter): Name = "ComponentLink3Description"; Value = ""; VariantName = "[No Variations]"
Add component (AddParameter): Name = "ComponentLink3URL"; Value = ""; VariantName = "[No Variations]"
Add component (AddParameter): Name = "ComponentLink4Description"; Value = ""; VariantName = "[No Variations]"
Add component (AddParameter): Name = "ComponentLink4URL"; Value = ""; VariantName = "[No Variations]"
Add component (AddParameter): Name = "ComponentLink5Description"; Value = ""; VariantName = "[No Variations]"
Add component (AddParameter): Name = "ComponentLink5URL"; Value = ""; VariantName = "[No Variations]"
Add component (AddParameter): Name = "ComponentLink6Description"; Value = ""; VariantName = "[No Variations]"
Add component (AddParameter): Name = "ComponentLink6URL"; Value = ""; VariantName = "[No Variations]"
Add component (AddParameter): Name = "ComponentLink7Description"; Value = ""; VariantName = "[No Variations]"
Add component (AddParameter): Name = "ComponentLink7URL"; Value = ""; VariantName = "[No Variations]"
Add component (AddParameter): Name = "ComponentLink8Description"; Value = ""; VariantName = "[No Variations]"
Add component (AddParameter): Name = "ComponentLink8URL"; Value = ""; VariantName = "[No Variations]"
Add component (AddParameter): Name = "ComponentLink9Description"; Value = ""; VariantName = "[No Variations]"
Add component (AddParameter): Name = "ComponentLink9URL"; Value = ""; VariantName = "[No Variations]"
Add component (AddParameter): Name = "ComponentLink10Description"; Value = ""; VariantName = "[No Variations]"
Add component (AddParameter): Name = "ComponentLink10URL"; Value = ""; VariantName = "[No Variations]"
Add component (AddParameter): Name = "I1"; Value = ""; VariantName = "[No Variations]"
Add component (AddParameter): Name = "I2"; Value = ""; VariantName = "[No Variations]"
Add component (AddParameter): Name = "I3"; Value = ""; VariantName = "[No Variations]"
Add component (AddParameter): Name = "Manufacturer"; Value = ""; VariantName = "[No Variations]"
Add component (AddParameter): Name = "MPN"; Value = "Fiducial"; VariantName = "[No Variations]"
Add component (AddParameter): Name = "MSL"; Value = "NA"; VariantName = "[No Variations]"
Add component (AddParameter): Name = "Package"; Value = "Fiducial"; VariantName = "[No Variations]"
Add component (AddParameter): Name = "Part Number"; Value = "700-0003"; VariantName = "[No Variations]"
Add component (AddParameter): Name = "Pin Count"; Value = "1"; VariantName = "[No Variations]"
Add component (AddParameter): Name = "Rev"; Value = "A"; VariantName = "[No Variations]"
Add component (AddParameter): Name = "Revision"; Value = "A"; VariantName = "[No Variations]"
Add component (AddParameter): Name = "Revision Date"; Value = "2020-09-14"; VariantName = "[No Variations]"
Add component (AddParameter): Name = "Revision Note"; Value = "Created"; VariantName = "[No Variations]"
Add component (AddParameter): Name = "Status"; Value = "Review"; VariantName = "[No Variations]"
Add component (AddParameter): Name = "V1"; Value = ""; VariantName = "[No Variations]"
Add component (AddParameter): Name = "V2"; Value = ""; VariantName = "[No Variations]"
Add component (AddParameter): Name = "V3"; Value = ""; VariantName = "[No Variations]"
Add component (AddParameter): Name = "Value"; Value = ""; VariantName = "[No Variations]"
Added Component: Designator=Meas1(FOX_measure_point_3mm)
Add component (AddParameter): Name = "Component Type"; Value = "Fiducial"; VariantName = "[No Variations]"
Add component (AddParameter): Name = "ComponentLink1Description"; Value = "ACM"; VariantName = "[No Variations]"
Add component (AddParameter): Name = "ComponentLink1URL"; Value = "https://acm.railnova.io/admin/altium_library/component/448/change/"; VariantName = "[No Variations]"
Add component (AddParameter): Name = "ComponentLink2Description"; Value = ""; VariantName = "[No Variations]"
Add component (AddParameter): Name = "ComponentLink2URL"; Value = ""; VariantName = "[No Variations]"
Add component (AddParameter): Name = "ComponentLink3Description"; Value = ""; VariantName = "[No Variations]"
Add component (AddParameter): Name = "ComponentLink3URL"; Value = ""; VariantName = "[No Variations]"
Add component (AddParameter): Name = "ComponentLink4Description"; Value = ""; VariantName = "[No Variations]"
Add component (AddParameter): Name = "ComponentLink4URL"; Value = ""; VariantName = "[No Variations]"
Add component (AddParameter): Name = "ComponentLink5Description"; Value = ""; VariantName = "[No Variations]"
Add component (AddParameter): Name = "ComponentLink5URL"; Value = ""; VariantName = "[No Variations]"
Add component (AddParameter): Name = "ComponentLink6Description"; Value = ""; VariantName = "[No Variations]"
Add component (AddParameter): Name = "ComponentLink6URL"; Value = ""; VariantName = "[No Variations]"
Add component (AddParameter): Name = "ComponentLink7Description"; Value = ""; VariantName = "[No Variations]"
Add component (AddParameter): Name = "ComponentLink7URL"; Value = ""; VariantName = "[No Variations]"
Add component (AddParameter): Name = "ComponentLink8Description"; Value = ""; VariantName = "[No Variations]"
Add component (AddParameter): Name = "ComponentLink8URL"; Value = ""; VariantName = "[No Variations]"
Add component (AddParameter): Name = "ComponentLink9Description"; Value = ""; VariantName = "[No Variations]"
Add component (AddParameter): Name = "ComponentLink9URL"; Value = ""; VariantName = "[No Variations]"
Add component (AddParameter): Name = "ComponentLink10Description"; Value = ""; VariantName = "[No Variations]"
Add component (AddParameter): Name = "ComponentLink10URL"; Value = ""; VariantName = "[No Variations]"
Add component (AddParameter): Name = "I1"; Value = ""; VariantName = "[No Variations]"
Add component (AddParameter): Name = "I2"; Value = ""; VariantName = "[No Variations]"
Add component (AddParameter): Name = "I3"; Value = ""; VariantName = "[No Variations]"
Add component (AddParameter): Name = "Manufacturer"; Value = ""; VariantName = "[No Variations]"
Add component (AddParameter): Name = "MPN"; Value = "MeasurePoint"; VariantName = "[No Variations]"
Add component (AddParameter): Name = "MSL"; Value = "NA"; VariantName = "[No Variations]"
Add component (AddParameter): Name = "Package"; Value = "3mm"; VariantName = "[No Variations]"
Add component (AddParameter): Name = "Part Number"; Value = "700-0012"; VariantName = "[No Variations]"
Add component (AddParameter): Name = "Pin Count"; Value = "1"; VariantName = "[No Variations]"
Add component (AddParameter): Name = "Rev"; Value = "C"; VariantName = "[No Variations]"
Add component (AddParameter): Name = "Revision"; Value = "D"; VariantName = "[No Variations]"
Add component (AddParameter): Name = "Revision Date"; Value = "2021-12-03"; VariantName = "[No Variations]"
Add component (AddParameter): Name = "Revision Note"; Value = "Schematic FOX_measure_point_3mm was updated on EDA-rnlib2 repository."; VariantName = "[No Variations]"
Add component (AddParameter): Name = "Status"; Value = "Review"; VariantName = "[No Variations]"
Add component (AddParameter): Name = "V1"; Value = ""; VariantName = "[No Variations]"
Add component (AddParameter): Name = "V2"; Value = ""; VariantName = "[No Variations]"
Add component (AddParameter): Name = "V3"; Value = ""; VariantName = "[No Variations]"
Add component (AddParameter): Name = "Value"; Value = ""; VariantName = "[No Variations]"
Added Component: Designator=Meas2(FOX_measure_point_3mm)
Add component (AddParameter): Name = "Component Type"; Value = "Fiducial"; VariantName = "[No Variations]"
Add component (AddParameter): Name = "ComponentLink1Description"; Value = "ACM"; VariantName = "[No Variations]"
Add component (AddParameter): Name = "ComponentLink1URL"; Value = "https://acm.railnova.io/admin/altium_library/component/448/change/"; VariantName = "[No Variations]"
Add component (AddParameter): Name = "ComponentLink2Description"; Value = ""; VariantName = "[No Variations]"
Add component (AddParameter): Name = "ComponentLink2URL"; Value = ""; VariantName = "[No Variations]"
Add component (AddParameter): Name = "ComponentLink3Description"; Value = ""; VariantName = "[No Variations]"
Add component (AddParameter): Name = "ComponentLink3URL"; Value = ""; VariantName = "[No Variations]"
Add component (AddParameter): Name = "ComponentLink4Description"; Value = ""; VariantName = "[No Variations]"
Add component (AddParameter): Name = "ComponentLink4URL"; Value = ""; VariantName = "[No Variations]"
Add component (AddParameter): Name = "ComponentLink5Description"; Value = ""; VariantName = "[No Variations]"
Add component (AddParameter): Name = "ComponentLink5URL"; Value = ""; VariantName = "[No Variations]"
Add component (AddParameter): Name = "ComponentLink6Description"; Value = ""; VariantName = "[No Variations]"
Add component (AddParameter): Name = "ComponentLink6URL"; Value = ""; VariantName = "[No Variations]"
Add component (AddParameter): Name = "ComponentLink7Description"; Value = ""; VariantName = "[No Variations]"
Add component (AddParameter): Name = "ComponentLink7URL"; Value = ""; VariantName = "[No Variations]"
Add component (AddParameter): Name = "ComponentLink8Description"; Value = ""; VariantName = "[No Variations]"
Add component (AddParameter): Name = "ComponentLink8URL"; Value = ""; VariantName = "[No Variations]"
Add component (AddParameter): Name = "ComponentLink9Description"; Value = ""; VariantName = "[No Variations]"
Add component (AddParameter): Name = "ComponentLink9URL"; Value = ""; VariantName = "[No Variations]"
Add component (AddParameter): Name = "ComponentLink10Description"; Value = ""; VariantName = "[No Variations]"
Add component (AddParameter): Name = "ComponentLink10URL"; Value = ""; VariantName = "[No Variations]"
Add component (AddParameter): Name = "I1"; Value = ""; VariantName = "[No Variations]"
Add component (AddParameter): Name = "I2"; Value = ""; VariantName = "[No Variations]"
Add component (AddParameter): Name = "I3"; Value = ""; VariantName = "[No Variations]"
Add component (AddParameter): Name = "Manufacturer"; Value = ""; VariantName = "[No Variations]"
Add component (AddParameter): Name = "MPN"; Value = "MeasurePoint"; VariantName = "[No Variations]"
Add component (AddParameter): Name = "MSL"; Value = "NA"; VariantName = "[No Variations]"
Add component (AddParameter): Name = "Package"; Value = "3mm"; VariantName = "[No Variations]"
Add component (AddParameter): Name = "Part Number"; Value = "700-0012"; VariantName = "[No Variations]"
Add component (AddParameter): Name = "Pin Count"; Value = "1"; VariantName = "[No Variations]"
Add component (AddParameter): Name = "Rev"; Value = "C"; VariantName = "[No Variations]"
Add component (AddParameter): Name = "Revision"; Value = "D"; VariantName = "[No Variations]"
Add component (AddParameter): Name = "Revision Date"; Value = "2021-12-03"; VariantName = "[No Variations]"
Add component (AddParameter): Name = "Revision Note"; Value = "Schematic FOX_measure_point_3mm was updated on EDA-rnlib2 repository."; VariantName = "[No Variations]"
Add component (AddParameter): Name = "Status"; Value = "Review"; VariantName = "[No Variations]"
Add component (AddParameter): Name = "V1"; Value = ""; VariantName = "[No Variations]"
Add component (AddParameter): Name = "V2"; Value = ""; VariantName = "[No Variations]"
Add component (AddParameter): Name = "V3"; Value = ""; VariantName = "[No Variations]"
Add component (AddParameter): Name = "Value"; Value = ""; VariantName = "[No Variations]"
Added Component: Designator=Meas3(FOX_measure_point_3mm)
Add component (AddParameter): Name = "Component Type"; Value = "Fiducial"; VariantName = "[No Variations]"
Add component (AddParameter): Name = "ComponentLink1Description"; Value = "ACM"; VariantName = "[No Variations]"
Add component (AddParameter): Name = "ComponentLink1URL"; Value = "https://acm.railnova.io/admin/altium_library/component/448/change/"; VariantName = "[No Variations]"
Add component (AddParameter): Name = "ComponentLink2Description"; Value = ""; VariantName = "[No Variations]"
Add component (AddParameter): Name = "ComponentLink2URL"; Value = ""; VariantName = "[No Variations]"
Add component (AddParameter): Name = "ComponentLink3Description"; Value = ""; VariantName = "[No Variations]"
Add component (AddParameter): Name = "ComponentLink3URL"; Value = ""; VariantName = "[No Variations]"
Add component (AddParameter): Name = "ComponentLink4Description"; Value = ""; VariantName = "[No Variations]"
Add component (AddParameter): Name = "ComponentLink4URL"; Value = ""; VariantName = "[No Variations]"
Add component (AddParameter): Name = "ComponentLink5Description"; Value = ""; VariantName = "[No Variations]"
Add component (AddParameter): Name = "ComponentLink5URL"; Value = ""; VariantName = "[No Variations]"
Add component (AddParameter): Name = "ComponentLink6Description"; Value = ""; VariantName = "[No Variations]"
Add component (AddParameter): Name = "ComponentLink6URL"; Value = ""; VariantName = "[No Variations]"
Add component (AddParameter): Name = "ComponentLink7Description"; Value = ""; VariantName = "[No Variations]"
Add component (AddParameter): Name = "ComponentLink7URL"; Value = ""; VariantName = "[No Variations]"
Add component (AddParameter): Name = "ComponentLink8Description"; Value = ""; VariantName = "[No Variations]"
Add component (AddParameter): Name = "ComponentLink8URL"; Value = ""; VariantName = "[No Variations]"
Add component (AddParameter): Name = "ComponentLink9Description"; Value = ""; VariantName = "[No Variations]"
Add component (AddParameter): Name = "ComponentLink9URL"; Value = ""; VariantName = "[No Variations]"
Add component (AddParameter): Name = "ComponentLink10Description"; Value = ""; VariantName = "[No Variations]"
Add component (AddParameter): Name = "ComponentLink10URL"; Value = ""; VariantName = "[No Variations]"
Add component (AddParameter): Name = "I1"; Value = ""; VariantName = "[No Variations]"
Add component (AddParameter): Name = "I2"; Value = ""; VariantName = "[No Variations]"
Add component (AddParameter): Name = "I3"; Value = ""; VariantName = "[No Variations]"
Add component (AddParameter): Name = "Manufacturer"; Value = ""; VariantName = "[No Variations]"
Add component (AddParameter): Name = "MPN"; Value = "MeasurePoint"; VariantName = "[No Variations]"
Add component (AddParameter): Name = "MSL"; Value = "NA"; VariantName = "[No Variations]"
Add component (AddParameter): Name = "Package"; Value = "3mm"; VariantName = "[No Variations]"
Add component (AddParameter): Name = "Part Number"; Value = "700-0012"; VariantName = "[No Variations]"
Add component (AddParameter): Name = "Pin Count"; Value = "1"; VariantName = "[No Variations]"
Add component (AddParameter): Name = "Rev"; Value = "C"; VariantName = "[No Variations]"
Add component (AddParameter): Name = "Revision"; Value = "D"; VariantName = "[No Variations]"
Add component (AddParameter): Name = "Revision Date"; Value = "2021-12-03"; VariantName = "[No Variations]"
Add component (AddParameter): Name = "Revision Note"; Value = "Schematic FOX_measure_point_3mm was updated on EDA-rnlib2 repository."; VariantName = "[No Variations]"
Add component (AddParameter): Name = "Status"; Value = "Review"; VariantName = "[No Variations]"
Add component (AddParameter): Name = "V1"; Value = ""; VariantName = "[No Variations]"
Add component (AddParameter): Name = "V2"; Value = ""; VariantName = "[No Variations]"
Add component (AddParameter): Name = "V3"; Value = ""; VariantName = "[No Variations]"
Add component (AddParameter): Name = "Value"; Value = ""; VariantName = "[No Variations]"
Added Component: Designator=Meas4(FOX_measure_point_3mm)
Add component (AddParameter): Name = "Component Type"; Value = "Fiducial"; VariantName = "[No Variations]"
Add component (AddParameter): Name = "ComponentLink1Description"; Value = "ACM"; VariantName = "[No Variations]"
Add component (AddParameter): Name = "ComponentLink1URL"; Value = "https://acm.railnova.io/admin/altium_library/component/448/change/"; VariantName = "[No Variations]"
Add component (AddParameter): Name = "ComponentLink2Description"; Value = ""; VariantName = "[No Variations]"
Add component (AddParameter): Name = "ComponentLink2URL"; Value = ""; VariantName = "[No Variations]"
Add component (AddParameter): Name = "ComponentLink3Description"; Value = ""; VariantName = "[No Variations]"
Add component (AddParameter): Name = "ComponentLink3URL"; Value = ""; VariantName = "[No Variations]"
Add component (AddParameter): Name = "ComponentLink4Description"; Value = ""; VariantName = "[No Variations]"
Add component (AddParameter): Name = "ComponentLink4URL"; Value = ""; VariantName = "[No Variations]"
Add component (AddParameter): Name = "ComponentLink5Description"; Value = ""; VariantName = "[No Variations]"
Add component (AddParameter): Name = "ComponentLink5URL"; Value = ""; VariantName = "[No Variations]"
Add component (AddParameter): Name = "ComponentLink6Description"; Value = ""; VariantName = "[No Variations]"
Add component (AddParameter): Name = "ComponentLink6URL"; Value = ""; VariantName = "[No Variations]"
Add component (AddParameter): Name = "ComponentLink7Description"; Value = ""; VariantName = "[No Variations]"
Add component (AddParameter): Name = "ComponentLink7URL"; Value = ""; VariantName = "[No Variations]"
Add component (AddParameter): Name = "ComponentLink8Description"; Value = ""; VariantName = "[No Variations]"
Add component (AddParameter): Name = "ComponentLink8URL"; Value = ""; VariantName = "[No Variations]"
Add component (AddParameter): Name = "ComponentLink9Description"; Value = ""; VariantName = "[No Variations]"
Add component (AddParameter): Name = "ComponentLink9URL"; Value = ""; VariantName = "[No Variations]"
Add component (AddParameter): Name = "ComponentLink10Description"; Value = ""; VariantName = "[No Variations]"
Add component (AddParameter): Name = "ComponentLink10URL"; Value = ""; VariantName = "[No Variations]"
Add component (AddParameter): Name = "I1"; Value = ""; VariantName = "[No Variations]"
Add component (AddParameter): Name = "I2"; Value = ""; VariantName = "[No Variations]"
Add component (AddParameter): Name = "I3"; Value = ""; VariantName = "[No Variations]"
Add component (AddParameter): Name = "Manufacturer"; Value = ""; VariantName = "[No Variations]"
Add component (AddParameter): Name = "MPN"; Value = "MeasurePoint"; VariantName = "[No Variations]"
Add component (AddParameter): Name = "MSL"; Value = "NA"; VariantName = "[No Variations]"
Add component (AddParameter): Name = "Package"; Value = "3mm"; VariantName = "[No Variations]"
Add component (AddParameter): Name = "Part Number"; Value = "700-0012"; VariantName = "[No Variations]"
Add component (AddParameter): Name = "Pin Count"; Value = "1"; VariantName = "[No Variations]"
Add component (AddParameter): Name = "Rev"; Value = "C"; VariantName = "[No Variations]"
Add component (AddParameter): Name = "Revision"; Value = "D"; VariantName = "[No Variations]"
Add component (AddParameter): Name = "Revision Date"; Value = "2021-12-03"; VariantName = "[No Variations]"
Add component (AddParameter): Name = "Revision Note"; Value = "Schematic FOX_measure_point_3mm was updated on EDA-rnlib2 repository."; VariantName = "[No Variations]"
Add component (AddParameter): Name = "Status"; Value = "Review"; VariantName = "[No Variations]"
Add component (AddParameter): Name = "V1"; Value = ""; VariantName = "[No Variations]"
Add component (AddParameter): Name = "V2"; Value = ""; VariantName = "[No Variations]"
Add component (AddParameter): Name = "V3"; Value = ""; VariantName = "[No Variations]"
Add component (AddParameter): Name = "Value"; Value = ""; VariantName = "[No Variations]"
Added Pin To Net: NetName=GND Pin=Meas1-pad
Added Pin To Net: NetName=GND Pin=Meas2-pad
Added Pin To Net: NetName=GND Pin=Meas3-pad
Added Pin To Net: NetName=GND Pin=Meas4-pad
Added Class: Name=Top level
Added Room: Name=Top level
